<?xml version="1.0" encoding="UTF-8"?>
<!-- Generated by org.testng.reporters.JUnitXMLReporter -->
<testsuite ignored="0" hostname="BSC-PG02KEJ0" failures="0" tests="4" name="Default test" time="12.594" errors="0" timestamp="2024-02-05T13:48:29 IST">
  <testcase classname="ui.DataProviderDemoTest2" name="test01" time="3.027"/>
  <testcase classname="ui.DataProviderDemoTest2" name="test01" time="1.411"/>
  <testcase classname="ui.DataProviderDemoTest2" name="test01" time="1.457"/>
  <testcase classname="ui.DataProviderDemoTest2" name="test01" time="6.641"/>
</testsuite> <!-- Default test -->
