<?xml version="1.0" encoding="UTF-8"?>
<testng-results ignored="0" total="4" passed="4" failed="0" skipped="0">
  <reporter-output>
  </reporter-output>
  <suite started-at="2024-02-05T13:48:16 IST" name="Default suite" finished-at="2024-02-05T13:48:29 IST" duration-ms="12594">
    <groups>
    </groups>
    <test started-at="2024-02-05T13:48:16 IST" name="Default test" finished-at="2024-02-05T13:48:29 IST" duration-ms="12594">
      <class name="ui.DataProviderDemoTest2">
        <test-method signature="test01(java.lang.String,java.lang.String)[pri:0, instance:ui.DataProviderDemoTest2@7d8995e]" started-at="2024-02-05T13:48:16 IST" name="test01" data-provider="Intermediate" finished-at="2024-02-05T13:48:19 IST" duration-ms="3027" status="PASS">
          <params>
            <param index="0">
              <value>
                <![CDATA[standard_user]]>
              </value>
            </param>
            <param index="1">
              <value>
                <![CDATA[secret_sauce]]>
              </value>
            </param>
          </params>
          <reporter-output>
          </reporter-output>
        </test-method> <!-- test01 -->
        <test-method signature="test01(java.lang.String,java.lang.String)[pri:0, instance:ui.DataProviderDemoTest2@7d8995e]" started-at="2024-02-05T13:48:19 IST" name="test01" data-provider="Intermediate" finished-at="2024-02-05T13:48:21 IST" duration-ms="1411" status="PASS">
          <params>
            <param index="0">
              <value>
                <![CDATA[locked_out_user]]>
              </value>
            </param>
            <param index="1">
              <value>
                <![CDATA[secret_sauce]]>
              </value>
            </param>
          </params>
          <reporter-output>
          </reporter-output>
        </test-method> <!-- test01 -->
        <test-method signature="test01(java.lang.String,java.lang.String)[pri:0, instance:ui.DataProviderDemoTest2@7d8995e]" started-at="2024-02-05T13:48:21 IST" name="test01" data-provider="Intermediate" finished-at="2024-02-05T13:48:22 IST" duration-ms="1457" status="PASS">
          <params>
            <param index="0">
              <value>
                <![CDATA[problem_user]]>
              </value>
            </param>
            <param index="1">
              <value>
                <![CDATA[secret_sauce]]>
              </value>
            </param>
          </params>
          <reporter-output>
          </reporter-output>
        </test-method> <!-- test01 -->
        <test-method signature="test01(java.lang.String,java.lang.String)[pri:0, instance:ui.DataProviderDemoTest2@7d8995e]" started-at="2024-02-05T13:48:22 IST" name="test01" data-provider="Intermediate" finished-at="2024-02-05T13:48:29 IST" duration-ms="6641" status="PASS">
          <params>
            <param index="0">
              <value>
                <![CDATA[performance_glitch_user]]>
              </value>
            </param>
            <param index="1">
              <value>
                <![CDATA[secret_sauce]]>
              </value>
            </param>
          </params>
          <reporter-output>
          </reporter-output>
        </test-method> <!-- test01 -->
      </class> <!-- ui.DataProviderDemoTest2 -->
    </test> <!-- Default test -->
  </suite> <!-- Default suite -->
</testng-results>
